2025-05-27 22:29:10,398 - INFO - Pokemon Emoji Bot initialized
2025-05-27 22:29:10,408 - INFO - Pokemon Emoji Bot initialized
2025-05-27 22:29:10,408 - INFO - Pokemon Emoji Bot initialized
2025-05-27 22:29:10,812 - INFO - Pokemon Emoji Bot initialized
2025-05-27 22:29:10,812 - INFO - Pokemon Emoji Bot initialized
2025-05-27 22:29:10,812 - INFO - Pokemon Emoji Bot initialized
2025-05-27 22:29:27,981 - INFO - Emoji creation command started by senko_sleepy
2025-05-27 22:29:27,981 - INFO - Emoji creation command started by senko_sleepy
2025-05-27 22:29:27,981 - INFO - Emoji creation command started by senko_sleepy
2025-05-27 22:29:28,367 - INFO - Found 1392 existing emojis
2025-05-27 22:29:28,367 - INFO - Found 1392 existing emojis
2025-05-27 22:29:28,367 - INFO - Found 1392 existing emojis
2025-05-27 22:29:28,369 - INFO - Fetching server emoji counts...
2025-05-27 22:29:28,369 - INFO - Fetching server emoji counts...
2025-05-27 22:29:28,369 - INFO - Fetching server emoji counts...
2025-05-27 22:29:28,371 - INFO - Found 33 available servers
2025-05-27 22:29:28,371 - INFO - Found 33 available servers
2025-05-27 22:29:28,371 - INFO - Found 33 available servers
2025-05-27 22:29:28,519 - INFO - Starting Pokemon image download process...
2025-05-27 22:29:28,519 - INFO - Starting Pokemon image download process...
2025-05-27 22:29:28,519 - INFO - Starting Pokemon image download process...
2025-05-27 22:29:28,521 - INFO - Fetching all Pokemon IDs from PokeAPI...
2025-05-27 22:29:28,521 - INFO - Fetching all Pokemon IDs from PokeAPI...
2025-05-27 22:29:28,521 - INFO - Fetching all Pokemon IDs from PokeAPI...
2025-05-27 22:29:28,523 - INFO - Fetching Pokemon list page 1...
2025-05-27 22:29:28,523 - INFO - Fetching Pokemon list page 1...
2025-05-27 22:29:28,523 - INFO - Fetching Pokemon list page 1...
2025-05-27 22:29:28,688 - INFO - Fetching Pokemon list page 2...
2025-05-27 22:29:28,688 - INFO - Fetching Pokemon list page 2...
2025-05-27 22:29:28,688 - INFO - Fetching Pokemon list page 2...
2025-05-27 22:29:28,731 - INFO - Fetching Pokemon list page 3...
2025-05-27 22:29:28,731 - INFO - Fetching Pokemon list page 3...
2025-05-27 22:29:28,731 - INFO - Fetching Pokemon list page 3...
2025-05-27 22:29:28,771 - INFO - Fetching Pokemon list page 4...
2025-05-27 22:29:28,771 - INFO - Fetching Pokemon list page 4...
2025-05-27 22:29:28,771 - INFO - Fetching Pokemon list page 4...
2025-05-27 22:29:28,801 - INFO - Fetching Pokemon list page 5...
2025-05-27 22:29:28,801 - INFO - Fetching Pokemon list page 5...
2025-05-27 22:29:28,801 - INFO - Fetching Pokemon list page 5...
2025-05-27 22:29:28,840 - INFO - Fetching Pokemon list page 6...
2025-05-27 22:29:28,840 - INFO - Fetching Pokemon list page 6...
2025-05-27 22:29:28,840 - INFO - Fetching Pokemon list page 6...
2025-05-27 22:29:28,875 - INFO - Fetching Pokemon list page 7...
2025-05-27 22:29:28,875 - INFO - Fetching Pokemon list page 7...
2025-05-27 22:29:28,875 - INFO - Fetching Pokemon list page 7...
2025-05-27 22:29:28,905 - INFO - Fetching Pokemon list page 8...
2025-05-27 22:29:28,905 - INFO - Fetching Pokemon list page 8...
2025-05-27 22:29:28,905 - INFO - Fetching Pokemon list page 8...
2025-05-27 22:29:28,943 - INFO - Fetching Pokemon list page 9...
2025-05-27 22:29:28,943 - INFO - Fetching Pokemon list page 9...
2025-05-27 22:29:28,943 - INFO - Fetching Pokemon list page 9...
2025-05-27 22:29:28,974 - INFO - Fetching Pokemon list page 10...
2025-05-27 22:29:28,974 - INFO - Fetching Pokemon list page 10...
2025-05-27 22:29:28,974 - INFO - Fetching Pokemon list page 10...
2025-05-27 22:29:29,006 - INFO - Fetching Pokemon list page 11...
2025-05-27 22:29:29,006 - INFO - Fetching Pokemon list page 11...
2025-05-27 22:29:29,006 - INFO - Fetching Pokemon list page 11...
2025-05-27 22:29:29,048 - INFO - Fetching Pokemon list page 12...
2025-05-27 22:29:29,048 - INFO - Fetching Pokemon list page 12...
2025-05-27 22:29:29,048 - INFO - Fetching Pokemon list page 12...
2025-05-27 22:29:29,093 - INFO - Fetching Pokemon list page 13...
2025-05-27 22:29:29,093 - INFO - Fetching Pokemon list page 13...
2025-05-27 22:29:29,093 - INFO - Fetching Pokemon list page 13...
2025-05-27 22:29:29,124 - INFO - Fetching Pokemon list page 14...
2025-05-27 22:29:29,124 - INFO - Fetching Pokemon list page 14...
2025-05-27 22:29:29,124 - INFO - Fetching Pokemon list page 14...
2025-05-27 22:29:29,156 - INFO - Fetching Pokemon list page 15...
2025-05-27 22:29:29,156 - INFO - Fetching Pokemon list page 15...
2025-05-27 22:29:29,156 - INFO - Fetching Pokemon list page 15...
2025-05-27 22:29:29,190 - INFO - Fetching Pokemon list page 16...
2025-05-27 22:29:29,190 - INFO - Fetching Pokemon list page 16...
2025-05-27 22:29:29,190 - INFO - Fetching Pokemon list page 16...
2025-05-27 22:29:29,234 - INFO - Fetching Pokemon list page 17...
2025-05-27 22:29:29,234 - INFO - Fetching Pokemon list page 17...
2025-05-27 22:29:29,234 - INFO - Fetching Pokemon list page 17...
2025-05-27 22:29:29,274 - INFO - Fetching Pokemon list page 18...
2025-05-27 22:29:29,274 - INFO - Fetching Pokemon list page 18...
2025-05-27 22:29:29,274 - INFO - Fetching Pokemon list page 18...
2025-05-27 22:29:29,321 - INFO - Fetching Pokemon list page 19...
2025-05-27 22:29:29,321 - INFO - Fetching Pokemon list page 19...
2025-05-27 22:29:29,321 - INFO - Fetching Pokemon list page 19...
2025-05-27 22:29:29,410 - INFO - Fetching Pokemon list page 20...
2025-05-27 22:29:29,410 - INFO - Fetching Pokemon list page 20...
2025-05-27 22:29:29,410 - INFO - Fetching Pokemon list page 20...
2025-05-27 22:29:29,464 - INFO - Fetching Pokemon list page 21...
2025-05-27 22:29:29,464 - INFO - Fetching Pokemon list page 21...
2025-05-27 22:29:29,464 - INFO - Fetching Pokemon list page 21...
2025-05-27 22:29:29,816 - INFO - Fetching Pokemon list page 22...
2025-05-27 22:29:29,816 - INFO - Fetching Pokemon list page 22...
2025-05-27 22:29:29,816 - INFO - Fetching Pokemon list page 22...
2025-05-27 22:29:29,905 - INFO - Fetching Pokemon list page 23...
2025-05-27 22:29:29,905 - INFO - Fetching Pokemon list page 23...
2025-05-27 22:29:29,905 - INFO - Fetching Pokemon list page 23...
2025-05-27 22:29:29,942 - INFO - Fetching Pokemon list page 24...
2025-05-27 22:29:29,942 - INFO - Fetching Pokemon list page 24...
2025-05-27 22:29:29,942 - INFO - Fetching Pokemon list page 24...
2025-05-27 22:29:29,987 - INFO - Fetching Pokemon list page 25...
2025-05-27 22:29:29,987 - INFO - Fetching Pokemon list page 25...
2025-05-27 22:29:29,987 - INFO - Fetching Pokemon list page 25...
2025-05-27 22:29:30,043 - INFO - Fetching Pokemon list page 26...
2025-05-27 22:29:30,043 - INFO - Fetching Pokemon list page 26...
2025-05-27 22:29:30,043 - INFO - Fetching Pokemon list page 26...
2025-05-27 22:29:30,080 - INFO - Fetching Pokemon list page 27...
2025-05-27 22:29:30,080 - INFO - Fetching Pokemon list page 27...
2025-05-27 22:29:30,080 - INFO - Fetching Pokemon list page 27...
2025-05-27 22:29:30,112 - INFO - Fetching Pokemon list page 28...
2025-05-27 22:29:30,112 - INFO - Fetching Pokemon list page 28...
2025-05-27 22:29:30,112 - INFO - Fetching Pokemon list page 28...
2025-05-27 22:29:30,169 - INFO - Fetching Pokemon list page 29...
2025-05-27 22:29:30,169 - INFO - Fetching Pokemon list page 29...
2025-05-27 22:29:30,169 - INFO - Fetching Pokemon list page 29...
2025-05-27 22:29:30,203 - INFO - Fetching Pokemon list page 30...
2025-05-27 22:29:30,203 - INFO - Fetching Pokemon list page 30...
2025-05-27 22:29:30,203 - INFO - Fetching Pokemon list page 30...
2025-05-27 22:29:30,243 - INFO - Fetching Pokemon list page 31...
2025-05-27 22:29:30,243 - INFO - Fetching Pokemon list page 31...
2025-05-27 22:29:30,243 - INFO - Fetching Pokemon list page 31...
2025-05-27 22:29:30,283 - INFO - Fetching Pokemon list page 32...
2025-05-27 22:29:30,283 - INFO - Fetching Pokemon list page 32...
2025-05-27 22:29:30,283 - INFO - Fetching Pokemon list page 32...
2025-05-27 22:29:30,340 - INFO - Fetching Pokemon list page 33...
2025-05-27 22:29:30,340 - INFO - Fetching Pokemon list page 33...
2025-05-27 22:29:30,340 - INFO - Fetching Pokemon list page 33...
2025-05-27 22:29:30,386 - INFO - Fetching Pokemon list page 34...
2025-05-27 22:29:30,386 - INFO - Fetching Pokemon list page 34...
2025-05-27 22:29:30,386 - INFO - Fetching Pokemon list page 34...
2025-05-27 22:29:30,427 - INFO - Fetching Pokemon list page 35...
2025-05-27 22:29:30,427 - INFO - Fetching Pokemon list page 35...
2025-05-27 22:29:30,427 - INFO - Fetching Pokemon list page 35...
2025-05-27 22:29:30,504 - INFO - Fetching Pokemon list page 36...
2025-05-27 22:29:30,504 - INFO - Fetching Pokemon list page 36...
2025-05-27 22:29:30,504 - INFO - Fetching Pokemon list page 36...
2025-05-27 22:29:30,644 - INFO - Fetching Pokemon list page 37...
2025-05-27 22:29:30,644 - INFO - Fetching Pokemon list page 37...
2025-05-27 22:29:30,644 - INFO - Fetching Pokemon list page 37...
2025-05-27 22:29:30,687 - INFO - Fetching Pokemon list page 38...
2025-05-27 22:29:30,687 - INFO - Fetching Pokemon list page 38...
2025-05-27 22:29:30,687 - INFO - Fetching Pokemon list page 38...
2025-05-27 22:29:30,739 - INFO - Fetching Pokemon list page 39...
2025-05-27 22:29:30,739 - INFO - Fetching Pokemon list page 39...
2025-05-27 22:29:30,739 - INFO - Fetching Pokemon list page 39...
2025-05-27 22:29:30,776 - INFO - Fetching Pokemon list page 40...
2025-05-27 22:29:30,776 - INFO - Fetching Pokemon list page 40...
2025-05-27 22:29:30,776 - INFO - Fetching Pokemon list page 40...
2025-05-27 22:29:30,811 - INFO - Fetching Pokemon list page 41...
2025-05-27 22:29:30,811 - INFO - Fetching Pokemon list page 41...
2025-05-27 22:29:30,811 - INFO - Fetching Pokemon list page 41...
2025-05-27 22:29:30,840 - INFO - Fetching Pokemon list page 42...
2025-05-27 22:29:30,840 - INFO - Fetching Pokemon list page 42...
2025-05-27 22:29:30,840 - INFO - Fetching Pokemon list page 42...
2025-05-27 22:29:30,885 - INFO - Fetching Pokemon list page 43...
2025-05-27 22:29:30,885 - INFO - Fetching Pokemon list page 43...
2025-05-27 22:29:30,885 - INFO - Fetching Pokemon list page 43...
2025-05-27 22:29:30,925 - INFO - Fetching Pokemon list page 44...
2025-05-27 22:29:30,925 - INFO - Fetching Pokemon list page 44...
2025-05-27 22:29:30,925 - INFO - Fetching Pokemon list page 44...
2025-05-27 22:29:30,972 - INFO - Fetching Pokemon list page 45...
2025-05-27 22:29:30,972 - INFO - Fetching Pokemon list page 45...
2025-05-27 22:29:30,972 - INFO - Fetching Pokemon list page 45...
2025-05-27 22:29:31,086 - INFO - Fetching Pokemon list page 46...
2025-05-27 22:29:31,086 - INFO - Fetching Pokemon list page 46...
2025-05-27 22:29:31,086 - INFO - Fetching Pokemon list page 46...
2025-05-27 22:29:31,236 - INFO - Fetching Pokemon list page 47...
2025-05-27 22:29:31,236 - INFO - Fetching Pokemon list page 47...
2025-05-27 22:29:31,236 - INFO - Fetching Pokemon list page 47...
2025-05-27 22:29:31,277 - INFO - Fetching Pokemon list page 48...
2025-05-27 22:29:31,277 - INFO - Fetching Pokemon list page 48...
2025-05-27 22:29:31,277 - INFO - Fetching Pokemon list page 48...
2025-05-27 22:29:31,334 - INFO - Fetching Pokemon list page 49...
2025-05-27 22:29:31,334 - INFO - Fetching Pokemon list page 49...
2025-05-27 22:29:31,334 - INFO - Fetching Pokemon list page 49...
2025-05-27 22:29:31,387 - INFO - Fetching Pokemon list page 50...
2025-05-27 22:29:31,387 - INFO - Fetching Pokemon list page 50...
2025-05-27 22:29:31,387 - INFO - Fetching Pokemon list page 50...
2025-05-27 22:29:31,436 - INFO - Fetching Pokemon list page 51...
2025-05-27 22:29:31,436 - INFO - Fetching Pokemon list page 51...
2025-05-27 22:29:31,436 - INFO - Fetching Pokemon list page 51...
2025-05-27 22:29:31,494 - INFO - Fetching Pokemon list page 52...
2025-05-27 22:29:31,494 - INFO - Fetching Pokemon list page 52...
2025-05-27 22:29:31,494 - INFO - Fetching Pokemon list page 52...
2025-05-27 22:29:31,537 - INFO - Fetching Pokemon list page 53...
2025-05-27 22:29:31,537 - INFO - Fetching Pokemon list page 53...
2025-05-27 22:29:31,537 - INFO - Fetching Pokemon list page 53...
2025-05-27 22:29:31,567 - INFO - Fetching Pokemon list page 54...
2025-05-27 22:29:31,567 - INFO - Fetching Pokemon list page 54...
2025-05-27 22:29:31,567 - INFO - Fetching Pokemon list page 54...
2025-05-27 22:29:31,607 - INFO - Fetching Pokemon list page 55...
2025-05-27 22:29:31,607 - INFO - Fetching Pokemon list page 55...
2025-05-27 22:29:31,607 - INFO - Fetching Pokemon list page 55...
2025-05-27 22:29:31,644 - INFO - Fetching Pokemon list page 56...
2025-05-27 22:29:31,644 - INFO - Fetching Pokemon list page 56...
2025-05-27 22:29:31,644 - INFO - Fetching Pokemon list page 56...
2025-05-27 22:29:31,681 - INFO - Fetching Pokemon list page 57...
2025-05-27 22:29:31,681 - INFO - Fetching Pokemon list page 57...
2025-05-27 22:29:31,681 - INFO - Fetching Pokemon list page 57...
2025-05-27 22:29:31,718 - INFO - Fetching Pokemon list page 58...
2025-05-27 22:29:31,718 - INFO - Fetching Pokemon list page 58...
2025-05-27 22:29:31,718 - INFO - Fetching Pokemon list page 58...
2025-05-27 22:29:31,774 - INFO - Fetching Pokemon list page 59...
2025-05-27 22:29:31,774 - INFO - Fetching Pokemon list page 59...
2025-05-27 22:29:31,774 - INFO - Fetching Pokemon list page 59...
2025-05-27 22:29:31,814 - INFO - Fetching Pokemon list page 60...
2025-05-27 22:29:31,814 - INFO - Fetching Pokemon list page 60...
2025-05-27 22:29:31,814 - INFO - Fetching Pokemon list page 60...
2025-05-27 22:29:31,860 - INFO - Fetching Pokemon list page 61...
2025-05-27 22:29:31,860 - INFO - Fetching Pokemon list page 61...
2025-05-27 22:29:31,860 - INFO - Fetching Pokemon list page 61...
2025-05-27 22:29:31,917 - INFO - Fetching Pokemon list page 62...
2025-05-27 22:29:31,917 - INFO - Fetching Pokemon list page 62...
2025-05-27 22:29:31,917 - INFO - Fetching Pokemon list page 62...
2025-05-27 22:29:31,955 - INFO - Fetching Pokemon list page 63...
2025-05-27 22:29:31,955 - INFO - Fetching Pokemon list page 63...
2025-05-27 22:29:31,955 - INFO - Fetching Pokemon list page 63...
2025-05-27 22:29:32,021 - INFO - Fetching Pokemon list page 64...
2025-05-27 22:29:32,021 - INFO - Fetching Pokemon list page 64...
2025-05-27 22:29:32,021 - INFO - Fetching Pokemon list page 64...
2025-05-27 22:29:32,058 - INFO - Fetching Pokemon list page 65...
2025-05-27 22:29:32,058 - INFO - Fetching Pokemon list page 65...
2025-05-27 22:29:32,058 - INFO - Fetching Pokemon list page 65...
2025-05-27 22:29:32,115 - INFO - Fetching Pokemon list page 66...
2025-05-27 22:29:32,115 - INFO - Fetching Pokemon list page 66...
2025-05-27 22:29:32,115 - INFO - Fetching Pokemon list page 66...
2025-05-27 22:29:32,161 - INFO - Found 1302 Pokemon entries across 66 pages
2025-05-27 22:29:32,161 - INFO - Found 1302 Pokemon entries across 66 pages
2025-05-27 22:29:32,161 - INFO - Found 1302 Pokemon entries across 66 pages
2025-05-27 22:29:36,944 - INFO - Valid Pokemon IDs collected: 1297
2025-05-27 22:29:36,944 - INFO - Valid Pokemon IDs collected: 1297
2025-05-27 22:29:36,944 - INFO - Valid Pokemon IDs collected: 1297
2025-05-27 22:29:36,948 - INFO - Downloading 3 missing Pokemon images
2025-05-27 22:29:36,948 - INFO - Downloading 3 missing Pokemon images
2025-05-27 22:29:36,948 - INFO - Downloading 3 missing Pokemon images
2025-05-27 22:29:36,949 - INFO - Processing download batch 1/1
2025-05-27 22:29:36,949 - INFO - Processing download batch 1/1
2025-05-27 22:29:36,949 - INFO - Processing download batch 1/1
2025-05-27 22:29:37,349 - WARNING - Failed to download Pokemon ID 10264
2025-05-27 22:29:37,349 - WARNING - Failed to download Pokemon ID 10264
2025-05-27 22:29:37,349 - WARNING - Failed to download Pokemon ID 10264
2025-05-27 22:29:37,385 - WARNING - Failed to download Pokemon ID 10270
2025-05-27 22:29:37,385 - WARNING - Failed to download Pokemon ID 10270
2025-05-27 22:29:37,385 - WARNING - Failed to download Pokemon ID 10270
2025-05-27 22:29:37,429 - WARNING - Failed to download Pokemon ID 10271
2025-05-27 22:29:37,429 - WARNING - Failed to download Pokemon ID 10271
2025-05-27 22:29:37,429 - WARNING - Failed to download Pokemon ID 10271
2025-05-27 22:29:37,528 - INFO - Download complete: 0/3 successful
2025-05-27 22:29:37,528 - INFO - Download complete: 0/3 successful
2025-05-27 22:29:37,528 - INFO - Download complete: 0/3 successful
2025-05-27 22:29:37,757 - INFO - Starting emoji upload process...
2025-05-27 22:29:37,757 - INFO - Starting emoji upload process...
2025-05-27 22:29:37,757 - INFO - Starting emoji upload process...
2025-05-27 22:29:37,766 - INFO - Fetching server emoji counts...
2025-05-27 22:29:37,766 - INFO - Fetching server emoji counts...
2025-05-27 22:29:37,766 - INFO - Fetching server emoji counts...
2025-05-27 22:29:37,769 - INFO - Found 33 available servers
2025-05-27 22:29:37,769 - INFO - Found 33 available servers
2025-05-27 22:29:37,769 - INFO - Found 33 available servers
2025-05-27 22:29:37,769 - INFO - Found 6 servers with 5+ available slots
2025-05-27 22:29:37,769 - INFO - Found 6 servers with 5+ available slots
2025-05-27 22:29:37,769 - INFO - Found 6 servers with 5+ available slots
2025-05-27 22:29:37,773 - INFO - Uploading 1 Pokemon emojis across 6 servers
2025-05-27 22:29:37,773 - INFO - Uploading 1 Pokemon emojis across 6 servers
2025-05-27 22:29:37,773 - INFO - Uploading 1 Pokemon emojis across 6 servers
2025-05-27 22:29:37,775 - INFO - Processing upload batch 1/1 (1 Pokemon)
2025-05-27 22:29:37,775 - INFO - Processing upload batch 1/1 (1 Pokemon)
2025-05-27 22:29:37,775 - INFO - Processing upload batch 1/1 (1 Pokemon)
2025-05-27 22:29:37,781 - ERROR - Image validation failed for Pokemon 805 on 41: Image too large: 268057 bytes (limit: 262144 bytes)
2025-05-27 22:29:37,781 - ERROR - Image validation failed for Pokemon 805 on 41: Image too large: 268057 bytes (limit: 262144 bytes)
2025-05-27 22:29:37,781 - ERROR - Image validation failed for Pokemon 805 on 41: Image too large: 268057 bytes (limit: 262144 bytes)
2025-05-27 22:29:38,108 - INFO - SUCCESS: Uploaded Pokemon 805 to 41
2025-05-27 22:29:38,108 - INFO - SUCCESS: Uploaded Pokemon 805 to 41
2025-05-27 22:29:38,108 - INFO - SUCCESS: Uploaded Pokemon 805 to 41
2025-05-27 22:29:40,827 - INFO - SUCCESS: Upload complete! Added 1/1 emojis
2025-05-27 22:29:40,827 - INFO - SUCCESS: Upload complete! Added 1/1 emojis
2025-05-27 22:29:40,827 - INFO - SUCCESS: Upload complete! Added 1/1 emojis
2025-05-27 22:31:00,115 - INFO - Emoji creation command started by senko_sleepy
2025-05-27 22:31:00,115 - INFO - Emoji creation command started by senko_sleepy
2025-05-27 22:31:00,115 - INFO - Emoji creation command started by senko_sleepy
2025-05-27 22:31:00,512 - INFO - Found 1393 existing emojis
2025-05-27 22:31:00,512 - INFO - Found 1393 existing emojis
2025-05-27 22:31:00,512 - INFO - Found 1393 existing emojis
2025-05-27 22:31:00,515 - INFO - Fetching server emoji counts...
2025-05-27 22:31:00,515 - INFO - Fetching server emoji counts...
2025-05-27 22:31:00,515 - INFO - Fetching server emoji counts...
2025-05-27 22:31:00,517 - INFO - Found 33 available servers
2025-05-27 22:31:00,517 - INFO - Found 33 available servers
2025-05-27 22:31:00,517 - INFO - Found 33 available servers
2025-05-27 22:31:00,680 - INFO - Starting Pokemon image download process...
2025-05-27 22:31:00,680 - INFO - Starting Pokemon image download process...
2025-05-27 22:31:00,680 - INFO - Starting Pokemon image download process...
2025-05-27 22:31:00,681 - INFO - Fetching all Pokemon IDs from PokeAPI...
2025-05-27 22:31:00,681 - INFO - Fetching all Pokemon IDs from PokeAPI...
2025-05-27 22:31:00,681 - INFO - Fetching all Pokemon IDs from PokeAPI...
2025-05-27 22:31:00,682 - INFO - Fetching Pokemon list page 1...
2025-05-27 22:31:00,682 - INFO - Fetching Pokemon list page 1...
2025-05-27 22:31:00,682 - INFO - Fetching Pokemon list page 1...
2025-05-27 22:31:00,775 - INFO - Fetching Pokemon list page 2...
2025-05-27 22:31:00,775 - INFO - Fetching Pokemon list page 2...
2025-05-27 22:31:00,775 - INFO - Fetching Pokemon list page 2...
2025-05-27 22:31:00,804 - INFO - Fetching Pokemon list page 3...
2025-05-27 22:31:00,804 - INFO - Fetching Pokemon list page 3...
2025-05-27 22:31:00,804 - INFO - Fetching Pokemon list page 3...
2025-05-27 22:31:00,859 - INFO - Fetching Pokemon list page 4...
2025-05-27 22:31:00,859 - INFO - Fetching Pokemon list page 4...
2025-05-27 22:31:00,859 - INFO - Fetching Pokemon list page 4...
2025-05-27 22:31:00,901 - INFO - Fetching Pokemon list page 5...
2025-05-27 22:31:00,901 - INFO - Fetching Pokemon list page 5...
2025-05-27 22:31:00,901 - INFO - Fetching Pokemon list page 5...
2025-05-27 22:31:00,930 - INFO - Fetching Pokemon list page 6...
2025-05-27 22:31:00,930 - INFO - Fetching Pokemon list page 6...
2025-05-27 22:31:00,930 - INFO - Fetching Pokemon list page 6...
2025-05-27 22:31:00,957 - INFO - Fetching Pokemon list page 7...
2025-05-27 22:31:00,957 - INFO - Fetching Pokemon list page 7...
2025-05-27 22:31:00,957 - INFO - Fetching Pokemon list page 7...
2025-05-27 22:31:01,009 - INFO - Fetching Pokemon list page 8...
2025-05-27 22:31:01,009 - INFO - Fetching Pokemon list page 8...
2025-05-27 22:31:01,009 - INFO - Fetching Pokemon list page 8...
2025-05-27 22:31:01,046 - INFO - Fetching Pokemon list page 9...
2025-05-27 22:31:01,046 - INFO - Fetching Pokemon list page 9...
2025-05-27 22:31:01,046 - INFO - Fetching Pokemon list page 9...
2025-05-27 22:31:01,080 - INFO - Fetching Pokemon list page 10...
2025-05-27 22:31:01,080 - INFO - Fetching Pokemon list page 10...
2025-05-27 22:31:01,080 - INFO - Fetching Pokemon list page 10...
2025-05-27 22:31:01,112 - INFO - Fetching Pokemon list page 11...
2025-05-27 22:31:01,112 - INFO - Fetching Pokemon list page 11...
2025-05-27 22:31:01,112 - INFO - Fetching Pokemon list page 11...
2025-05-27 22:31:01,150 - INFO - Fetching Pokemon list page 12...
2025-05-27 22:31:01,150 - INFO - Fetching Pokemon list page 12...
2025-05-27 22:31:01,150 - INFO - Fetching Pokemon list page 12...
2025-05-27 22:31:01,181 - INFO - Fetching Pokemon list page 13...
2025-05-27 22:31:01,181 - INFO - Fetching Pokemon list page 13...
2025-05-27 22:31:01,181 - INFO - Fetching Pokemon list page 13...
2025-05-27 22:31:01,207 - INFO - Fetching Pokemon list page 14...
2025-05-27 22:31:01,207 - INFO - Fetching Pokemon list page 14...
2025-05-27 22:31:01,207 - INFO - Fetching Pokemon list page 14...
2025-05-27 22:31:01,254 - INFO - Fetching Pokemon list page 15...
2025-05-27 22:31:01,254 - INFO - Fetching Pokemon list page 15...
2025-05-27 22:31:01,254 - INFO - Fetching Pokemon list page 15...
2025-05-27 22:31:01,291 - INFO - Fetching Pokemon list page 16...
2025-05-27 22:31:01,291 - INFO - Fetching Pokemon list page 16...
2025-05-27 22:31:01,291 - INFO - Fetching Pokemon list page 16...
2025-05-27 22:31:01,318 - INFO - Fetching Pokemon list page 17...
2025-05-27 22:31:01,318 - INFO - Fetching Pokemon list page 17...
2025-05-27 22:31:01,318 - INFO - Fetching Pokemon list page 17...
2025-05-27 22:31:01,357 - INFO - Fetching Pokemon list page 18...
2025-05-27 22:31:01,357 - INFO - Fetching Pokemon list page 18...
2025-05-27 22:31:01,357 - INFO - Fetching Pokemon list page 18...
2025-05-27 22:31:01,391 - INFO - Fetching Pokemon list page 19...
2025-05-27 22:31:01,391 - INFO - Fetching Pokemon list page 19...
2025-05-27 22:31:01,391 - INFO - Fetching Pokemon list page 19...
2025-05-27 22:31:01,429 - INFO - Fetching Pokemon list page 20...
2025-05-27 22:31:01,429 - INFO - Fetching Pokemon list page 20...
2025-05-27 22:31:01,429 - INFO - Fetching Pokemon list page 20...
2025-05-27 22:31:01,467 - INFO - Fetching Pokemon list page 21...
2025-05-27 22:31:01,467 - INFO - Fetching Pokemon list page 21...
2025-05-27 22:31:01,467 - INFO - Fetching Pokemon list page 21...
2025-05-27 22:31:01,513 - INFO - Fetching Pokemon list page 22...
2025-05-27 22:31:01,513 - INFO - Fetching Pokemon list page 22...
2025-05-27 22:31:01,513 - INFO - Fetching Pokemon list page 22...
2025-05-27 22:31:01,539 - INFO - Fetching Pokemon list page 23...
2025-05-27 22:31:01,539 - INFO - Fetching Pokemon list page 23...
2025-05-27 22:31:01,539 - INFO - Fetching Pokemon list page 23...
2025-05-27 22:31:01,576 - INFO - Fetching Pokemon list page 24...
2025-05-27 22:31:01,576 - INFO - Fetching Pokemon list page 24...
2025-05-27 22:31:01,576 - INFO - Fetching Pokemon list page 24...
2025-05-27 22:31:01,618 - INFO - Fetching Pokemon list page 25...
2025-05-27 22:31:01,618 - INFO - Fetching Pokemon list page 25...
2025-05-27 22:31:01,618 - INFO - Fetching Pokemon list page 25...
2025-05-27 22:31:01,651 - INFO - Fetching Pokemon list page 26...
2025-05-27 22:31:01,651 - INFO - Fetching Pokemon list page 26...
2025-05-27 22:31:01,651 - INFO - Fetching Pokemon list page 26...
2025-05-27 22:31:01,688 - INFO - Fetching Pokemon list page 27...
2025-05-27 22:31:01,688 - INFO - Fetching Pokemon list page 27...
2025-05-27 22:31:01,688 - INFO - Fetching Pokemon list page 27...
2025-05-27 22:31:01,725 - INFO - Fetching Pokemon list page 28...
2025-05-27 22:31:01,725 - INFO - Fetching Pokemon list page 28...
2025-05-27 22:31:01,725 - INFO - Fetching Pokemon list page 28...
2025-05-27 22:31:01,755 - INFO - Fetching Pokemon list page 29...
2025-05-27 22:31:01,755 - INFO - Fetching Pokemon list page 29...
2025-05-27 22:31:01,755 - INFO - Fetching Pokemon list page 29...
2025-05-27 22:31:01,796 - INFO - Fetching Pokemon list page 30...
2025-05-27 22:31:01,796 - INFO - Fetching Pokemon list page 30...
2025-05-27 22:31:01,796 - INFO - Fetching Pokemon list page 30...
2025-05-27 22:31:01,830 - INFO - Fetching Pokemon list page 31...
2025-05-27 22:31:01,830 - INFO - Fetching Pokemon list page 31...
2025-05-27 22:31:01,830 - INFO - Fetching Pokemon list page 31...
2025-05-27 22:31:01,865 - INFO - Fetching Pokemon list page 32...
2025-05-27 22:31:01,865 - INFO - Fetching Pokemon list page 32...
2025-05-27 22:31:01,865 - INFO - Fetching Pokemon list page 32...
2025-05-27 22:31:01,926 - INFO - Fetching Pokemon list page 33...
2025-05-27 22:31:01,926 - INFO - Fetching Pokemon list page 33...
2025-05-27 22:31:01,926 - INFO - Fetching Pokemon list page 33...
2025-05-27 22:31:01,966 - INFO - Fetching Pokemon list page 34...
2025-05-27 22:31:01,966 - INFO - Fetching Pokemon list page 34...
2025-05-27 22:31:01,966 - INFO - Fetching Pokemon list page 34...
2025-05-27 22:31:02,018 - INFO - Fetching Pokemon list page 35...
2025-05-27 22:31:02,018 - INFO - Fetching Pokemon list page 35...
2025-05-27 22:31:02,018 - INFO - Fetching Pokemon list page 35...
2025-05-27 22:31:02,060 - INFO - Fetching Pokemon list page 36...
2025-05-27 22:31:02,060 - INFO - Fetching Pokemon list page 36...
2025-05-27 22:31:02,060 - INFO - Fetching Pokemon list page 36...
2025-05-27 22:31:02,090 - INFO - Fetching Pokemon list page 37...
2025-05-27 22:31:02,090 - INFO - Fetching Pokemon list page 37...
2025-05-27 22:31:02,090 - INFO - Fetching Pokemon list page 37...
2025-05-27 22:31:02,122 - INFO - Fetching Pokemon list page 38...
2025-05-27 22:31:02,122 - INFO - Fetching Pokemon list page 38...
2025-05-27 22:31:02,122 - INFO - Fetching Pokemon list page 38...
2025-05-27 22:31:02,174 - INFO - Fetching Pokemon list page 39...
2025-05-27 22:31:02,174 - INFO - Fetching Pokemon list page 39...
2025-05-27 22:31:02,174 - INFO - Fetching Pokemon list page 39...
2025-05-27 22:31:02,224 - INFO - Fetching Pokemon list page 40...
2025-05-27 22:31:02,224 - INFO - Fetching Pokemon list page 40...
2025-05-27 22:31:02,224 - INFO - Fetching Pokemon list page 40...
2025-05-27 22:31:02,256 - INFO - Fetching Pokemon list page 41...
2025-05-27 22:31:02,256 - INFO - Fetching Pokemon list page 41...
2025-05-27 22:31:02,256 - INFO - Fetching Pokemon list page 41...
2025-05-27 22:31:02,295 - INFO - Fetching Pokemon list page 42...
2025-05-27 22:31:02,295 - INFO - Fetching Pokemon list page 42...
2025-05-27 22:31:02,295 - INFO - Fetching Pokemon list page 42...
2025-05-27 22:31:02,328 - INFO - Fetching Pokemon list page 43...
2025-05-27 22:31:02,328 - INFO - Fetching Pokemon list page 43...
2025-05-27 22:31:02,328 - INFO - Fetching Pokemon list page 43...
2025-05-27 22:31:02,365 - INFO - Fetching Pokemon list page 44...
2025-05-27 22:31:02,365 - INFO - Fetching Pokemon list page 44...
2025-05-27 22:31:02,365 - INFO - Fetching Pokemon list page 44...
2025-05-27 22:31:02,401 - INFO - Fetching Pokemon list page 45...
2025-05-27 22:31:02,401 - INFO - Fetching Pokemon list page 45...
2025-05-27 22:31:02,401 - INFO - Fetching Pokemon list page 45...
2025-05-27 22:31:02,442 - INFO - Fetching Pokemon list page 46...
2025-05-27 22:31:02,442 - INFO - Fetching Pokemon list page 46...
2025-05-27 22:31:02,442 - INFO - Fetching Pokemon list page 46...
2025-05-27 22:31:02,476 - INFO - Fetching Pokemon list page 47...
2025-05-27 22:31:02,476 - INFO - Fetching Pokemon list page 47...
2025-05-27 22:31:02,476 - INFO - Fetching Pokemon list page 47...
2025-05-27 22:31:02,529 - INFO - Fetching Pokemon list page 48...
2025-05-27 22:31:02,529 - INFO - Fetching Pokemon list page 48...
2025-05-27 22:31:02,529 - INFO - Fetching Pokemon list page 48...
2025-05-27 22:31:02,564 - INFO - Fetching Pokemon list page 49...
2025-05-27 22:31:02,564 - INFO - Fetching Pokemon list page 49...
2025-05-27 22:31:02,564 - INFO - Fetching Pokemon list page 49...
2025-05-27 22:31:02,601 - INFO - Fetching Pokemon list page 50...
2025-05-27 22:31:02,601 - INFO - Fetching Pokemon list page 50...
2025-05-27 22:31:02,601 - INFO - Fetching Pokemon list page 50...
2025-05-27 22:31:02,687 - INFO - Fetching Pokemon list page 51...
2025-05-27 22:31:02,687 - INFO - Fetching Pokemon list page 51...
2025-05-27 22:31:02,687 - INFO - Fetching Pokemon list page 51...
2025-05-27 22:31:02,723 - INFO - Fetching Pokemon list page 52...
2025-05-27 22:31:02,723 - INFO - Fetching Pokemon list page 52...
2025-05-27 22:31:02,723 - INFO - Fetching Pokemon list page 52...
2025-05-27 22:31:02,755 - INFO - Fetching Pokemon list page 53...
2025-05-27 22:31:02,755 - INFO - Fetching Pokemon list page 53...
2025-05-27 22:31:02,755 - INFO - Fetching Pokemon list page 53...
2025-05-27 22:31:02,797 - INFO - Fetching Pokemon list page 54...
2025-05-27 22:31:02,797 - INFO - Fetching Pokemon list page 54...
2025-05-27 22:31:02,797 - INFO - Fetching Pokemon list page 54...
2025-05-27 22:31:02,851 - INFO - Fetching Pokemon list page 55...
2025-05-27 22:31:02,851 - INFO - Fetching Pokemon list page 55...
2025-05-27 22:31:02,851 - INFO - Fetching Pokemon list page 55...
2025-05-27 22:31:02,888 - INFO - Fetching Pokemon list page 56...
2025-05-27 22:31:02,888 - INFO - Fetching Pokemon list page 56...
2025-05-27 22:31:02,888 - INFO - Fetching Pokemon list page 56...
2025-05-27 22:31:03,001 - INFO - Fetching Pokemon list page 57...
2025-05-27 22:31:03,001 - INFO - Fetching Pokemon list page 57...
2025-05-27 22:31:03,001 - INFO - Fetching Pokemon list page 57...
2025-05-27 22:31:03,072 - INFO - Fetching Pokemon list page 58...
2025-05-27 22:31:03,072 - INFO - Fetching Pokemon list page 58...
2025-05-27 22:31:03,072 - INFO - Fetching Pokemon list page 58...
2025-05-27 22:31:03,228 - INFO - Fetching Pokemon list page 59...
2025-05-27 22:31:03,228 - INFO - Fetching Pokemon list page 59...
2025-05-27 22:31:03,228 - INFO - Fetching Pokemon list page 59...
2025-05-27 22:31:03,270 - INFO - Fetching Pokemon list page 60...
2025-05-27 22:31:03,270 - INFO - Fetching Pokemon list page 60...
2025-05-27 22:31:03,270 - INFO - Fetching Pokemon list page 60...
2025-05-27 22:31:03,315 - INFO - Fetching Pokemon list page 61...
2025-05-27 22:31:03,315 - INFO - Fetching Pokemon list page 61...
2025-05-27 22:31:03,315 - INFO - Fetching Pokemon list page 61...
2025-05-27 22:31:03,528 - INFO - Fetching Pokemon list page 62...
2025-05-27 22:31:03,528 - INFO - Fetching Pokemon list page 62...
2025-05-27 22:31:03,528 - INFO - Fetching Pokemon list page 62...
2025-05-27 22:31:03,576 - INFO - Fetching Pokemon list page 63...
2025-05-27 22:31:03,576 - INFO - Fetching Pokemon list page 63...
2025-05-27 22:31:03,576 - INFO - Fetching Pokemon list page 63...
2025-05-27 22:31:03,715 - INFO - Fetching Pokemon list page 64...
2025-05-27 22:31:03,715 - INFO - Fetching Pokemon list page 64...
2025-05-27 22:31:03,715 - INFO - Fetching Pokemon list page 64...
2025-05-27 22:31:03,754 - INFO - Fetching Pokemon list page 65...
2025-05-27 22:31:03,754 - INFO - Fetching Pokemon list page 65...
2025-05-27 22:31:03,754 - INFO - Fetching Pokemon list page 65...
2025-05-27 22:31:03,786 - INFO - Fetching Pokemon list page 66...
2025-05-27 22:31:03,786 - INFO - Fetching Pokemon list page 66...
2025-05-27 22:31:03,786 - INFO - Fetching Pokemon list page 66...
2025-05-27 22:31:03,820 - INFO - Found 1302 Pokemon entries across 66 pages
2025-05-27 22:31:03,820 - INFO - Found 1302 Pokemon entries across 66 pages
2025-05-27 22:31:03,820 - INFO - Found 1302 Pokemon entries across 66 pages
2025-05-27 22:31:08,565 - INFO - Valid Pokemon IDs collected: 1297
2025-05-27 22:31:08,565 - INFO - Valid Pokemon IDs collected: 1297
2025-05-27 22:31:08,565 - INFO - Valid Pokemon IDs collected: 1297
2025-05-27 22:31:08,568 - INFO - No missing images to download
2025-05-27 22:31:08,568 - INFO - No missing images to download
2025-05-27 22:31:08,568 - INFO - No missing images to download
2025-05-27 22:31:08,800 - INFO - Starting emoji upload process...
2025-05-27 22:31:08,800 - INFO - Starting emoji upload process...
2025-05-27 22:31:08,800 - INFO - Starting emoji upload process...
2025-05-27 22:31:08,801 - INFO - Fetching server emoji counts...
2025-05-27 22:31:08,801 - INFO - Fetching server emoji counts...
2025-05-27 22:31:08,801 - INFO - Fetching server emoji counts...
2025-05-27 22:31:08,804 - INFO - Found 33 available servers
2025-05-27 22:31:08,804 - INFO - Found 33 available servers
2025-05-27 22:31:08,804 - INFO - Found 33 available servers
2025-05-27 22:31:08,804 - INFO - Found 6 servers with 5+ available slots
2025-05-27 22:31:08,804 - INFO - Found 6 servers with 5+ available slots
2025-05-27 22:31:08,804 - INFO - Found 6 servers with 5+ available slots
2025-05-27 22:31:08,810 - INFO - No new Pokemon to upload
2025-05-27 22:31:08,810 - INFO - No new Pokemon to upload
2025-05-27 22:31:08,810 - INFO - No new Pokemon to upload
2025-05-27 22:31:44,302 - INFO - Pokemon Emoji Bot initialized
2025-05-27 22:31:44,302 - INFO - Pokemon Emoji Bot initialized
2025-05-27 22:31:44,302 - INFO - Pokemon Emoji Bot initialized
2025-05-27 22:31:47,164 - INFO - Pokemon Emoji Bot initialized
2025-05-27 22:31:47,164 - INFO - Pokemon Emoji Bot initialized
2025-05-27 22:31:47,164 - INFO - Pokemon Emoji Bot initialized
2025-05-27 22:31:47,319 - INFO - Pokemon Emoji Bot initialized
2025-05-27 22:31:47,319 - INFO - Pokemon Emoji Bot initialized
2025-05-27 22:31:47,319 - INFO - Pokemon Emoji Bot initialized
2025-05-27 22:31:47,491 - INFO - Pokemon Emoji Bot initialized
2025-05-27 22:31:47,491 - INFO - Pokemon Emoji Bot initialized
2025-05-27 22:31:47,491 - INFO - Pokemon Emoji Bot initialized
2025-05-27 22:31:47,668 - INFO - Pokemon Emoji Bot initialized
2025-05-27 22:31:47,668 - INFO - Pokemon Emoji Bot initialized
2025-05-27 22:31:47,668 - INFO - Pokemon Emoji Bot initialized
2025-05-27 22:31:47,816 - INFO - Pokemon Emoji Bot initialized
2025-05-27 22:31:47,816 - INFO - Pokemon Emoji Bot initialized
2025-05-27 22:31:47,816 - INFO - Pokemon Emoji Bot initialized
2025-05-27 22:31:47,950 - INFO - Pokemon Emoji Bot initialized
2025-05-27 22:31:47,950 - INFO - Pokemon Emoji Bot initialized
2025-05-27 22:31:47,950 - INFO - Pokemon Emoji Bot initialized
2025-05-27 22:31:48,074 - INFO - Pokemon Emoji Bot initialized
2025-05-27 22:31:48,074 - INFO - Pokemon Emoji Bot initialized
2025-05-27 22:31:48,074 - INFO - Pokemon Emoji Bot initialized
2025-05-27 22:31:48,221 - INFO - Pokemon Emoji Bot initialized
2025-05-27 22:31:48,221 - INFO - Pokemon Emoji Bot initialized
2025-05-27 22:31:48,221 - INFO - Pokemon Emoji Bot initialized
2025-05-27 22:31:48,366 - INFO - Pokemon Emoji Bot initialized
2025-05-27 22:31:48,366 - INFO - Pokemon Emoji Bot initialized
2025-05-27 22:31:48,366 - INFO - Pokemon Emoji Bot initialized
2025-05-27 22:31:48,488 - INFO - Pokemon Emoji Bot initialized
2025-05-27 22:31:48,488 - INFO - Pokemon Emoji Bot initialized
2025-05-27 22:31:48,488 - INFO - Pokemon Emoji Bot initialized
2025-05-27 22:31:48,623 - INFO - Pokemon Emoji Bot initialized
2025-05-27 22:31:48,623 - INFO - Pokemon Emoji Bot initialized
2025-05-27 22:31:48,623 - INFO - Pokemon Emoji Bot initialized
2025-05-27 22:31:48,743 - INFO - Pokemon Emoji Bot initialized
2025-05-27 22:31:48,743 - INFO - Pokemon Emoji Bot initialized
2025-05-27 22:31:48,743 - INFO - Pokemon Emoji Bot initialized
2025-05-27 22:31:48,875 - INFO - Pokemon Emoji Bot initialized
2025-05-27 22:31:48,875 - INFO - Pokemon Emoji Bot initialized
2025-05-27 22:31:48,875 - INFO - Pokemon Emoji Bot initialized
2025-05-27 22:31:49,057 - INFO - Pokemon Emoji Bot initialized
2025-05-27 22:31:49,057 - INFO - Pokemon Emoji Bot initialized
2025-05-27 22:31:49,057 - INFO - Pokemon Emoji Bot initialized
2025-05-27 22:31:49,187 - INFO - Pokemon Emoji Bot initialized
2025-05-27 22:31:49,187 - INFO - Pokemon Emoji Bot initialized
2025-05-27 22:31:49,187 - INFO - Pokemon Emoji Bot initialized
2025-05-27 22:31:49,309 - INFO - Pokemon Emoji Bot initialized
2025-05-27 22:31:49,309 - INFO - Pokemon Emoji Bot initialized
2025-05-27 22:31:49,309 - INFO - Pokemon Emoji Bot initialized
2025-05-27 22:31:49,458 - INFO - Pokemon Emoji Bot initialized
2025-05-27 22:31:49,458 - INFO - Pokemon Emoji Bot initialized
2025-05-27 22:31:49,458 - INFO - Pokemon Emoji Bot initialized
2025-05-27 22:31:49,749 - INFO - Pokemon Emoji Bot initialized
2025-05-27 22:31:49,749 - INFO - Pokemon Emoji Bot initialized
2025-05-27 22:31:49,749 - INFO - Pokemon Emoji Bot initialized
2025-05-27 22:31:49,885 - INFO - Pokemon Emoji Bot initialized
2025-05-27 22:31:49,885 - INFO - Pokemon Emoji Bot initialized
2025-05-27 22:31:49,885 - INFO - Pokemon Emoji Bot initialized
2025-05-27 22:31:50,019 - INFO - Pokemon Emoji Bot initialized
2025-05-27 22:31:50,019 - INFO - Pokemon Emoji Bot initialized
2025-05-27 22:31:50,019 - INFO - Pokemon Emoji Bot initialized
2025-05-27 22:31:50,183 - INFO - Pokemon Emoji Bot initialized
2025-05-27 22:31:50,183 - INFO - Pokemon Emoji Bot initialized
2025-05-27 22:31:50,183 - INFO - Pokemon Emoji Bot initialized
2025-05-27 22:31:50,324 - INFO - Pokemon Emoji Bot initialized
2025-05-27 22:31:50,324 - INFO - Pokemon Emoji Bot initialized
2025-05-27 22:31:50,324 - INFO - Pokemon Emoji Bot initialized
2025-05-27 22:31:50,485 - INFO - Pokemon Emoji Bot initialized
2025-05-27 22:31:50,485 - INFO - Pokemon Emoji Bot initialized
2025-05-27 22:31:50,485 - INFO - Pokemon Emoji Bot initialized
2025-05-27 22:31:50,631 - INFO - Pokemon Emoji Bot initialized
2025-05-27 22:31:50,631 - INFO - Pokemon Emoji Bot initialized
2025-05-27 22:31:50,631 - INFO - Pokemon Emoji Bot initialized
2025-05-27 22:31:50,861 - INFO - Pokemon Emoji Bot initialized
2025-05-27 22:31:50,861 - INFO - Pokemon Emoji Bot initialized
2025-05-27 22:31:50,861 - INFO - Pokemon Emoji Bot initialized
2025-05-27 22:31:51,282 - INFO - Pokemon Emoji Bot initialized
2025-05-27 22:31:51,282 - INFO - Pokemon Emoji Bot initialized
2025-05-27 22:31:51,282 - INFO - Pokemon Emoji Bot initialized
2025-05-27 22:31:51,437 - INFO - Pokemon Emoji Bot initialized
2025-05-27 22:31:51,437 - INFO - Pokemon Emoji Bot initialized
2025-05-27 22:31:51,437 - INFO - Pokemon Emoji Bot initialized
2025-05-27 22:31:51,643 - INFO - Pokemon Emoji Bot initialized
2025-05-27 22:31:51,643 - INFO - Pokemon Emoji Bot initialized
2025-05-27 22:31:51,643 - INFO - Pokemon Emoji Bot initialized
2025-05-27 22:31:51,777 - INFO - Pokemon Emoji Bot initialized
2025-05-27 22:31:51,777 - INFO - Pokemon Emoji Bot initialized
2025-05-27 22:31:51,777 - INFO - Pokemon Emoji Bot initialized
2025-05-27 22:31:51,936 - INFO - Pokemon Emoji Bot initialized
2025-05-27 22:31:51,936 - INFO - Pokemon Emoji Bot initialized
2025-05-27 22:31:51,936 - INFO - Pokemon Emoji Bot initialized
2025-05-27 22:31:52,116 - INFO - Pokemon Emoji Bot initialized
2025-05-27 22:31:52,116 - INFO - Pokemon Emoji Bot initialized
2025-05-27 22:31:52,116 - INFO - Pokemon Emoji Bot initialized
2025-05-27 22:31:52,273 - INFO - Pokemon Emoji Bot initialized
2025-05-27 22:31:52,273 - INFO - Pokemon Emoji Bot initialized
2025-05-27 22:31:52,273 - INFO - Pokemon Emoji Bot initialized
2025-05-27 22:31:52,435 - INFO - Pokemon Emoji Bot initialized
2025-05-27 22:31:52,435 - INFO - Pokemon Emoji Bot initialized
2025-05-27 22:31:52,435 - INFO - Pokemon Emoji Bot initialized
2025-05-27 22:31:52,618 - INFO - Pokemon Emoji Bot initialized
2025-05-27 22:31:52,618 - INFO - Pokemon Emoji Bot initialized
2025-05-27 22:31:52,618 - INFO - Pokemon Emoji Bot initialized
